<?xml version='1.0'?>
<ns2:test-suite xmlns:ns2='urn:model.allure.qatools.yandex.ru' start='1650353991687' stop='1650353993367'>
    <name>Function of the subscription page</name>
    <title>Function of the subscription page</title>
    <test-cases>
        <test-case start='1650353991688' status='broken' stop='1650353993236'>
            <name>subscripe the plan of $49.99</name>
            <title>subscripe the plan of $49.99</title>
            <labels>
                <label name='language' value='javascript'/>
                <label name='framework' value='wdio'/>
                <label name='thread' value='0-0'/>
            </labels>
            <parameters>
                <parameter kind='argument' name='browser' value='chrome-100.0.4896.127'/>
            </parameters>
            <steps>
                <step start='1650353991694' status='passed' stop='1650353993136'>
                    <name>POST /session/:sessionId/url</name>
                    <title>POST /session/:sessionId/url</title>
                    <attachments>
                        <attachment title='Request' source='861bddff-f174-442b-bae5-0a8a6e88a392-attachment.json' type='application/json' size='38'/>
                    </attachments>
                    <steps/>
                </step>
                <step start='1650353993137' status='broken' stop='1650353993236'>
                    <name>POST /session/:sessionId/window/maximize</name>
                    <title>POST /session/:sessionId/window/maximize</title>
                    <attachments/>
                    <steps/>
                </step>
            </steps>
            <attachments/>
            <failure>
                <message>no such window: target window already closed
                from unknown error: web view not found
                  (Session info: chrome=100.0.4896.127)</message>
                <stack-trace>no such window: no such window: target window already closed
                from unknown error: web view not found
                  (Session info: chrome=100.0.4896.127)
                    at getErrorFromResponseBody (C:\Users\FL_LPT-201\Documents\forbes\node_modules\webdriver\build\utils.js:197:12)
                    at NodeJSRequest._request (C:\Users\FL_LPT-201\Documents\forbes\node_modules\webdriver\build\request\index.js:158:60)
                    at processTicksAndRejections (node:internal/process/task_queues:96:5)
                    at Browser.wrapCommandFn (C:\Users\FL_LPT-201\Documents\forbes\node_modules\@wdio\utils\build\shim.js:137:29)
                    at Context.&lt;anonymous> (C:\Users\FL_LPT-201\Documents\forbes\test\specs\/Subscribe.js:8:9)</stack-trace>
            </failure>
        </test-case>
        <test-case start='1650353993237' status='broken' stop='1650353993320'>
            <name>Sign up process WithOut Any Data Passing</name>
            <title>Sign up process WithOut Any Data Passing</title>
            <labels>
                <label name='language' value='javascript'/>
                <label name='framework' value='wdio'/>
                <label name='thread' value='0-0'/>
            </labels>
            <parameters>
                <parameter kind='argument' name='browser' value='chrome-100.0.4896.127'/>
            </parameters>
            <steps>
                <step start='1650353993240' status='broken' stop='1650353993320'>
                    <name>POST /session/:sessionId/element</name>
                    <title>POST /session/:sessionId/element</title>
                    <attachments>
                        <attachment title='Request' source='f53b2ce6-f2f4-4035-8bbc-401ca9d63596-attachment.json' type='application/json' size='115'/>
                    </attachments>
                    <steps/>
                </step>
            </steps>
            <attachments/>
            <failure>
                <message>no such window: target window already closed
                from unknown error: web view not found
                  (Session info: chrome=100.0.4896.127)</message>
                <stack-trace>no such window: no such window: target window already closed
                from unknown error: web view not found
                  (Session info: chrome=100.0.4896.127)
                    at getErrorFromResponseBody (C:\Users\FL_LPT-201\Documents\forbes\node_modules\webdriver\build\utils.js:197:12)
                    at NodeJSRequest._request (C:\Users\FL_LPT-201\Documents\forbes\node_modules\webdriver\build\request\index.js:158:60)
                    at processTicksAndRejections (node:internal/process/task_queues:96:5)
                    at Browser.wrapCommandFn (C:\Users\FL_LPT-201\Documents\forbes\node_modules\@wdio\utils\build\shim.js:137:29)
                    at Browser.$ (C:\Users\FL_LPT-201\Documents\forbes\node_modules\webdriverio\build\commands\browser\$.js:88:17)
                    at Browser.wrapCommandFn (C:\Users\FL_LPT-201\Documents\forbes\node_modules\@wdio\utils\build\shim.js:137:29)
                    at Context.&lt;anonymous> (C:\Users\FL_LPT-201\Documents\forbes\test\specs\/Subscribe.js:25:21)</stack-trace>
            </failure>
        </test-case>
        <test-case start='1650353993321' status='broken' stop='1650353993366'>
            <name>SignUp Process with exisiting MailId </name>
            <title>SignUp Process with exisiting MailId </title>
            <labels>
                <label name='language' value='javascript'/>
                <label name='framework' value='wdio'/>
                <label name='thread' value='0-0'/>
            </labels>
            <parameters>
                <parameter kind='argument' name='browser' value='chrome-100.0.4896.127'/>
            </parameters>
            <steps>
                <step start='1650353993323' status='broken' stop='1650353993366'>
                    <name>POST /session/:sessionId/element</name>
                    <title>POST /session/:sessionId/element</title>
                    <attachments>
                        <attachment title='Request' source='d1627775-f2df-4060-afbb-116c75f6227d-attachment.json' type='application/json' size='55'/>
                    </attachments>
                    <steps/>
                </step>
            </steps>
            <attachments/>
            <failure>
                <message>no such window: target window already closed
                from unknown error: web view not found
                  (Session info: chrome=100.0.4896.127)</message>
                <stack-trace>no such window: no such window: target window already closed
                from unknown error: web view not found
                  (Session info: chrome=100.0.4896.127)
                    at getErrorFromResponseBody (C:\Users\FL_LPT-201\Documents\forbes\node_modules\webdriver\build\utils.js:197:12)
                    at NodeJSRequest._request (C:\Users\FL_LPT-201\Documents\forbes\node_modules\webdriver\build\request\index.js:158:60)
                    at processTicksAndRejections (node:internal/process/task_queues:96:5)
                    at Browser.wrapCommandFn (C:\Users\FL_LPT-201\Documents\forbes\node_modules\@wdio\utils\build\shim.js:137:29)
                    at Browser.$ (C:\Users\FL_LPT-201\Documents\forbes\node_modules\webdriverio\build\commands\browser\$.js:88:17)
                    at Browser.wrapCommandFn (C:\Users\FL_LPT-201\Documents\forbes\node_modules\@wdio\utils\build\shim.js:137:29)
                    at Context.&lt;anonymous> (C:\Users\FL_LPT-201\Documents\forbes\test\specs\/Subscribe.js:39:16)</stack-trace>
            </failure>
        </test-case>
    </test-cases>
</ns2:test-suite>