<?xml version='1.0'?>
<ns2:test-suite xmlns:ns2='urn:model.allure.qatools.yandex.ru' start='1650348281764' stop='1650348351972'>
    <name>Function of the subscription page</name>
    <title>Function of the subscription page</title>
    <test-cases>
        <test-case start='1650348281765' status='broken' stop='1650348341804'>
            <name>subscripe the plan of $49.99</name>
            <title>subscripe the plan of $49.99</title>
            <labels>
                <label name='language' value='javascript'/>
                <label name='framework' value='wdio'/>
                <label name='thread' value='0-0'/>
            </labels>
            <parameters>
                <parameter kind='argument' name='browser' value='chrome-100.0.4896.127'/>
            </parameters>
            <steps>
                <step start='1650348281768' status='passed' stop='1650348326506'>
                    <name>POST /session/:sessionId/url</name>
                    <title>POST /session/:sessionId/url</title>
                    <attachments>
                        <attachment title='Request' source='8f155661-e01c-44be-bafd-7e58f07246c0-attachment.json' type='application/json' size='38'/>
                    </attachments>
                    <steps/>
                </step>
                <step start='1650348326507' status='passed' stop='1650348326686'>
                    <name>POST /session/:sessionId/window/maximize</name>
                    <title>POST /session/:sessionId/window/maximize</title>
                    <attachments>
                        <attachment title='Response' source='242a3544-b635-4118-b3cb-ab9792ea4ee7-attachment.json' type='application/json' size='58'/>
                    </attachments>
                    <steps/>
                </step>
                <step start='1650348331695' status='passed' stop='1650348331732'>
                    <name>POST /session/:sessionId/element</name>
                    <title>POST /session/:sessionId/element</title>
                    <attachments>
                        <attachment title='Request' source='4ec667ad-627b-4cfb-b2f6-bd6481b02ace-attachment.json' type='application/json' size='61'/>
                        <attachment title='Response' source='6433c926-44b1-47c5-b754-6bce539448d6-attachment.json' type='application/json' size='83'/>
                    </attachments>
                    <steps/>
                </step>
                <step start='1650348331738' status='passed' stop='1650348331812'>
                    <name>POST /session/:sessionId/element/7e7270f2-b6c4-4a31-b7a2-4afb093a5da6/click</name>
                    <title>POST /session/:sessionId/element/7e7270f2-b6c4-4a31-b7a2-4afb093a5da6/click</title>
                    <attachments/>
                    <steps/>
                </step>
                <step start='1650348336820' status='passed' stop='1650348337214'>
                    <name>GET /session/:sessionId/screenshot</name>
                    <title>GET /session/:sessionId/screenshot</title>
                    <attachments>
                        <attachment title='Screenshot' source='0a364218-da77-4405-a50c-e755f4bd966c-attachment.png' type='image/png' size='741049'/>
                    </attachments>
                    <steps/>
                </step>
            </steps>
            <attachments/>
            <failure>
                <message>Timeout of 60000ms exceeded. The execution in the test "Function of the subscription page subscripe the plan of $49.99" took too long. Try to reduce the run time or increase your timeout for test specs (https://webdriver.io/docs/timeouts). (C:\Users\FL_LPT-201\Documents\forbes\test\specs\Subscribe.js)</message>
                <stack-trace>Error: Timeout of 60000ms exceeded. The execution in the test "Function of the subscription page subscripe the plan of $49.99" took too long. Try to reduce the run time or increase your timeout for test specs (https://webdriver.io/docs/timeouts). (C:\Users\FL_LPT-201\Documents\forbes\test\specs\Subscribe.js)
                    at createTimeoutError (C:\Users\FL_LPT-201\Documents\forbes\node_modules\mocha\lib\errors.js:498:15)
                    at Test.Runnable._timeoutError (C:\Users\FL_LPT-201\Documents\forbes\node_modules\mocha\lib\runnable.js:431:10)
                    at Timeout.&lt;anonymous> (C:\Users\FL_LPT-201\Documents\forbes\node_modules\mocha\lib\runnable.js:246:24)
                    at listOnTimeout (node:internal/timers:559:17)
                    at processTimers (node:internal/timers:502:7)</stack-trace>
            </failure>
        </test-case>
        <test-case start='1650348341807' status='broken' stop='1650348341933'>
            <name>Sign up process WithOut Any Data Passing</name>
            <title>Sign up process WithOut Any Data Passing</title>
            <labels>
                <label name='language' value='javascript'/>
                <label name='framework' value='wdio'/>
                <label name='thread' value='0-0'/>
            </labels>
            <parameters>
                <parameter kind='argument' name='browser' value='chrome-100.0.4896.127'/>
            </parameters>
            <steps>
                <step start='1650348341810' status='passed' stop='1650348341867'>
                    <name>POST /session/:sessionId/element</name>
                    <title>POST /session/:sessionId/element</title>
                    <attachments>
                        <attachment title='Request' source='445b52df-4dab-4309-ad95-b1d42606d36f-attachment.json' type='application/json' size='80'/>
                        <attachment title='Response' source='26114c3a-b0a7-4a2f-a7dc-d066eb8c89e2-attachment.json' type='application/json' size='1056'/>
                    </attachments>
                    <steps/>
                </step>
                <step start='1650348341873' status='broken' stop='1650348341933'>
                    <name>POST /session/:sessionId/frame</name>
                    <title>POST /session/:sessionId/frame</title>
                    <attachments>
                        <attachment title='Request' source='64b636fa-500c-4c05-8f1a-cf3194ebbf69-attachment.json' type='application/json' size='4805'/>
                    </attachments>
                    <steps/>
                </step>
            </steps>
            <attachments/>
            <failure>
                <message>invalid argument: missing 'ELEMENT'
                  (Session info: chrome=100.0.4896.127)</message>
                <stack-trace>invalid argument: invalid argument: missing 'ELEMENT'
                  (Session info: chrome=100.0.4896.127)
                    at getErrorFromResponseBody (C:\Users\FL_LPT-201\Documents\forbes\node_modules\webdriver\build\utils.js:197:12)
                    at NodeJSRequest._request (C:\Users\FL_LPT-201\Documents\forbes\node_modules\webdriver\build\request\index.js:158:60)
                    at processTicksAndRejections (node:internal/process/task_queues:96:5)
                    at Browser.wrapCommandFn (C:\Users\FL_LPT-201\Documents\forbes\node_modules\@wdio\utils\build\shim.js:137:29)
                    at Context.&lt;anonymous> (C:\Users\FL_LPT-201\Documents\forbes\test\specs\/Subscribe.js:26:9)</stack-trace>
            </failure>
        </test-case>
        <test-case start='1650348341933' status='broken' stop='1650348351971'>
            <name>SignUp Process with exisiting MailId </name>
            <title>SignUp Process with exisiting MailId </title>
            <labels>
                <label name='language' value='javascript'/>
                <label name='framework' value='wdio'/>
                <label name='thread' value='0-0'/>
            </labels>
            <parameters>
                <parameter kind='argument' name='browser' value='chrome-100.0.4896.127'/>
            </parameters>
            <steps>
                <step start='1650348341935' status='passed' stop='1650348341957'>
                    <name>POST /session/:sessionId/element</name>
                    <title>POST /session/:sessionId/element</title>
                    <attachments>
                        <attachment title='Request' source='a58d25f7-130f-491b-9413-c9a28596071f-attachment.json' type='application/json' size='55'/>
                        <attachment title='Response' source='660aab10-d59b-4e8f-a345-95b4b79735df-attachment.json' type='application/json' size='1031'/>
                    </attachments>
                    <steps/>
                </step>
                <step start='1650348341962' status='passed' stop='1650348341983'>
                    <name>POST /session/:sessionId/elements</name>
                    <title>POST /session/:sessionId/elements</title>
                    <attachments>
                        <attachment title='Request' source='956040d0-d387-427d-8072-6452d7234833-attachment.json' type='application/json' size='55'/>
                        <attachment title='Response' source='c90c0426-4203-4463-9762-8aea51f5345f-attachment.json' type='application/json' size='2'/>
                    </attachments>
                    <steps/>
                </step>
                <step start='1650348342233' status='passed' stop='1650348342263'>
                    <name>GET /session/:sessionId/window/handles</name>
                    <title>GET /session/:sessionId/window/handles</title>
                    <attachments>
                        <attachment title='Response' source='58640628-4b7f-401d-91e9-3c5f4a64098a-attachment.json' type='application/json' size='96'/>
                    </attachments>
                    <steps/>
                </step>
                <step start='1650348342264' status='passed' stop='1650348342288'>
                    <name>POST /session/:sessionId/window</name>
                    <title>POST /session/:sessionId/window</title>
                    <attachments>
                        <attachment title='Request' source='96143351-0c63-4ba1-933c-d92251811301-attachment.json' type='application/json' size='59'/>
                    </attachments>
                    <steps/>
                </step>
                <step start='1650348342288' status='passed' stop='1650348342299'>
                    <name>GET /session/:sessionId/url</name>
                    <title>GET /session/:sessionId/url</title>
                    <attachments>
                        <attachment title='Response' source='e8b8ffe3-252c-4a7e-8aac-60a31258a873-attachment.json' type='application/json' size='41'/>
                    </attachments>
                    <steps/>
                </step>
                <step start='1650348342299' status='passed' stop='1650348342309'>
                    <name>GET /session/:sessionId/title</name>
                    <title>GET /session/:sessionId/title</title>
                    <attachments>
                        <attachment title='Response' source='8782e709-86dc-4fef-9021-9023964b338f-attachment.json' type='application/json' size='8'/>
                    </attachments>
                    <steps/>
                </step>
                <step start='1650348342310' status='passed' stop='1650348342319'>
                    <name>POST /session/:sessionId/execute/sync</name>
                    <title>POST /session/:sessionId/execute/sync</title>
                    <attachments>
                        <attachment title='Request' source='0dc04f62-b3b9-4750-bfbd-79fd9e5408a7-attachment.json' type='application/json' size='81'/>
                        <attachment title='Response' source='f54c77a8-9f85-4dfd-a9a3-b61a088c872d-attachment.json' type='application/json' size='10'/>
                    </attachments>
                    <steps/>
                </step>
                <step start='1650348342320' status='passed' stop='1650348342336'>
                    <name>POST /session/:sessionId/window</name>
                    <title>POST /session/:sessionId/window</title>
                    <attachments>
                        <attachment title='Request' source='46d33b61-4e1d-4a62-9e31-d810d9ca47e0-attachment.json' type='application/json' size='59'/>
                    </attachments>
                    <steps/>
                </step>
                <step start='1650348342337' status='broken' stop='1650348351971'>
                    <name>GET /session/:sessionId/url</name>
                    <title>GET /session/:sessionId/url</title>
                    <attachments/>
                    <steps>
                        <step start='1650348342467' status='broken' stop='1650348351971'>
                            <name>POST /session/:sessionId/elements</name>
                            <title>POST /session/:sessionId/elements</title>
                            <attachments>
                                <attachment title='Request' source='f9900b51-c1b1-42a4-9ba5-9beb50c4bf66-attachment.json' type='application/json' size='55'/>
                            </attachments>
                            <steps/>
                        </step>
                    </steps>
                </step>
            </steps>
            <attachments/>
            <failure>
                <message>Can't call setValue on element with selector "#first-name" because element wasn't found</message>
                <stack-trace>Error: Can't call setValue on element with selector "#first-name" because element wasn't found
                    at implicitWait (C:\Users\FL_LPT-201\Documents\forbes\node_modules\webdriverio\build\utils\implicitWait.js:34:19)
                    at Element.elementErrorHandlerCallbackFn (C:\Users\FL_LPT-201\Documents\forbes\node_modules\webdriverio\build\middlewares.js:20:29)
                    at Element.wrapCommandFn (C:\Users\FL_LPT-201\Documents\forbes\node_modules\@wdio\utils\build\shim.js:137:29)
                    at Context.&lt;anonymous> (C:\Users\FL_LPT-201\Documents\forbes\test\specs\/Subscribe.js:38:9)</stack-trace>
            </failure>
        </test-case>
    </test-cases>
</ns2:test-suite>