<?xml version='1.0'?>
<ns2:test-suite xmlns:ns2='urn:model.allure.qatools.yandex.ru' start='1650346354060' stop='1650346423924'>
    <name>Function of the subscription page</name>
    <title>Function of the subscription page</title>
    <test-cases>
        <test-case start='1650346354060' status='broken' stop='1650346414090'>
            <name>subscripe the plan of $49.99</name>
            <title>subscripe the plan of $49.99</title>
            <labels>
                <label name='language' value='javascript'/>
                <label name='framework' value='wdio'/>
                <label name='thread' value='0-0'/>
            </labels>
            <parameters>
                <parameter kind='argument' name='browser' value='chrome-100.0.4896.127'/>
            </parameters>
            <steps>
                <step start='1650346354062' status='broken' stop='1650346414087'>
                    <name>POST /session/:sessionId/url</name>
                    <title>POST /session/:sessionId/url</title>
                    <attachments>
                        <attachment title='Request' source='93fe32d5-1300-43a4-8054-82eb6eaeb376-attachment.json' type='application/json' size='38'/>
                    </attachments>
                    <steps/>
                </step>
            </steps>
            <attachments/>
            <failure>
                <message>Timeout of 60000ms exceeded. The execution in the test "Function of the subscription page subscripe the plan of $49.99" took too long. Try to reduce the run time or increase your timeout for test specs (https://webdriver.io/docs/timeouts). (C:\Users\FL_LPT-201\Documents\forbes\test\specs\Subscribe.js)</message>
                <stack-trace>Error: Timeout of 60000ms exceeded. The execution in the test "Function of the subscription page subscripe the plan of $49.99" took too long. Try to reduce the run time or increase your timeout for test specs (https://webdriver.io/docs/timeouts). (C:\Users\FL_LPT-201\Documents\forbes\test\specs\Subscribe.js)
                    at createTimeoutError (C:\Users\FL_LPT-201\Documents\forbes\node_modules\mocha\lib\errors.js:498:15)
                    at Test.Runnable._timeoutError (C:\Users\FL_LPT-201\Documents\forbes\node_modules\mocha\lib\runnable.js:431:10)
                    at Timeout.&lt;anonymous> (C:\Users\FL_LPT-201\Documents\forbes\node_modules\mocha\lib\runnable.js:246:24)
                    at listOnTimeout (node:internal/timers:559:17)
                    at processTimers (node:internal/timers:502:7)</stack-trace>
            </failure>
        </test-case>
        <test-case start='1650346414093' status='broken' stop='1650346423873'>
            <name>Sign up process WithOut Any Data Passing</name>
            <title>Sign up process WithOut Any Data Passing</title>
            <labels>
                <label name='language' value='javascript'/>
                <label name='framework' value='wdio'/>
                <label name='thread' value='0-0'/>
            </labels>
            <parameters>
                <parameter kind='argument' name='browser' value='chrome-100.0.4896.127'/>
            </parameters>
            <steps>
                <step start='1650346414100' status='passed' stop='1650346423771'>
                    <name>POST /session/:sessionId/element</name>
                    <title>POST /session/:sessionId/element</title>
                    <attachments>
                        <attachment title='Request' source='e36b7a8d-a373-4aa7-ba6e-5e8448115bea-attachment.json' type='application/json' size='81'/>
                    </attachments>
                    <steps/>
                </step>
                <step start='1650346423771' status='broken' stop='1650346423873'>
                    <name>POST /session/:sessionId/window/maximize</name>
                    <title>POST /session/:sessionId/window/maximize</title>
                    <attachments/>
                    <steps/>
                </step>
            </steps>
            <attachments/>
            <failure>
                <message>no such window: target window already closed
                from unknown error: web view not found
                  (Session info: chrome=100.0.4896.127)</message>
                <stack-trace>no such window: no such window: target window already closed
                from unknown error: web view not found
                  (Session info: chrome=100.0.4896.127)
                    at getErrorFromResponseBody (C:\Users\FL_LPT-201\Documents\forbes\node_modules\webdriver\build\utils.js:197:12)
                    at NodeJSRequest._request (C:\Users\FL_LPT-201\Documents\forbes\node_modules\webdriver\build\request\index.js:158:60)
                    at processTicksAndRejections (node:internal/process/task_queues:96:5)
                    at Browser.wrapCommandFn (C:\Users\FL_LPT-201\Documents\forbes\node_modules\@wdio\utils\build\shim.js:137:29)
                    at Browser.$ (C:\Users\FL_LPT-201\Documents\forbes\node_modules\webdriverio\build\commands\browser\$.js:88:17)
                    at Browser.wrapCommandFn (C:\Users\FL_LPT-201\Documents\forbes\node_modules\@wdio\utils\build\shim.js:137:29)
                    at Context.&lt;anonymous> (C:\Users\FL_LPT-201\Documents\forbes\test\specs\/Subscribe.js:25:21)</stack-trace>
            </failure>
        </test-case>
        <test-case start='1650346423878' status='broken' stop='1650346423922'>
            <name>SignUp Process with exisiting MailId </name>
            <title>SignUp Process with exisiting MailId </title>
            <labels>
                <label name='language' value='javascript'/>
                <label name='framework' value='wdio'/>
                <label name='thread' value='0-0'/>
            </labels>
            <parameters>
                <parameter kind='argument' name='browser' value='chrome-100.0.4896.127'/>
            </parameters>
            <steps>
                <step start='1650346423880' status='broken' stop='1650346423922'>
                    <name>POST /session/:sessionId/element</name>
                    <title>POST /session/:sessionId/element</title>
                    <attachments>
                        <attachment title='Request' source='9982cee4-e829-4f09-bf13-fed3e272965b-attachment.json' type='application/json' size='55'/>
                    </attachments>
                    <steps/>
                </step>
            </steps>
            <attachments/>
            <failure>
                <message>no such window: target window already closed
                from unknown error: web view not found
                  (Session info: chrome=100.0.4896.127)</message>
                <stack-trace>no such window: no such window: target window already closed
                from unknown error: web view not found
                  (Session info: chrome=100.0.4896.127)
                    at getErrorFromResponseBody (C:\Users\FL_LPT-201\Documents\forbes\node_modules\webdriver\build\utils.js:197:12)
                    at NodeJSRequest._request (C:\Users\FL_LPT-201\Documents\forbes\node_modules\webdriver\build\request\index.js:158:60)
                    at processTicksAndRejections (node:internal/process/task_queues:96:5)
                    at Browser.wrapCommandFn (C:\Users\FL_LPT-201\Documents\forbes\node_modules\@wdio\utils\build\shim.js:137:29)
                    at Browser.$ (C:\Users\FL_LPT-201\Documents\forbes\node_modules\webdriverio\build\commands\browser\$.js:88:17)
                    at Browser.wrapCommandFn (C:\Users\FL_LPT-201\Documents\forbes\node_modules\@wdio\utils\build\shim.js:137:29)
                    at Context.&lt;anonymous> (C:\Users\FL_LPT-201\Documents\forbes\test\specs\/Subscribe.js:37:16)</stack-trace>
            </failure>
        </test-case>
    </test-cases>
</ns2:test-suite>