<?xml version='1.0'?>
<ns2:test-suite xmlns:ns2='urn:model.allure.qatools.yandex.ru' start='1650347001829' stop='1650347029439'>
    <name>Function of the subscription page</name>
    <title>Function of the subscription page</title>
    <test-cases>
        <test-case start='1650347001830' status='broken' stop='1650347029331'>
            <name>subscripe the plan of $49.99</name>
            <title>subscripe the plan of $49.99</title>
            <labels>
                <label name='language' value='javascript'/>
                <label name='framework' value='wdio'/>
                <label name='thread' value='0-0'/>
            </labels>
            <parameters>
                <parameter kind='argument' name='browser' value='chrome-100.0.4896.127'/>
            </parameters>
            <steps>
                <step start='1650347001833' status='passed' stop='1650347029240'>
                    <name>POST /session/:sessionId/url</name>
                    <title>POST /session/:sessionId/url</title>
                    <attachments>
                        <attachment title='Request' source='6b1e69f7-99cf-47cb-aa7a-e5c2b9d15300-attachment.json' type='application/json' size='38'/>
                    </attachments>
                    <steps/>
                </step>
                <step start='1650347029241' status='broken' stop='1650347029330'>
                    <name>POST /session/:sessionId/window/maximize</name>
                    <title>POST /session/:sessionId/window/maximize</title>
                    <attachments/>
                    <steps/>
                </step>
            </steps>
            <attachments/>
            <failure>
                <message>no such window: target window already closed
                from unknown error: web view not found
                  (Session info: chrome=100.0.4896.127)</message>
                <stack-trace>no such window: no such window: target window already closed
                from unknown error: web view not found
                  (Session info: chrome=100.0.4896.127)
                    at getErrorFromResponseBody (C:\Users\FL_LPT-201\Documents\forbes\node_modules\webdriver\build\utils.js:197:12)
                    at NodeJSRequest._request (C:\Users\FL_LPT-201\Documents\forbes\node_modules\webdriver\build\request\index.js:158:60)
                    at processTicksAndRejections (node:internal/process/task_queues:96:5)
                    at Browser.wrapCommandFn (C:\Users\FL_LPT-201\Documents\forbes\node_modules\@wdio\utils\build\shim.js:137:29)
                    at Context.&lt;anonymous> (C:\Users\FL_LPT-201\Documents\forbes\test\specs\/Subscribe.js:8:9)</stack-trace>
            </failure>
        </test-case>
        <test-case start='1650347029333' status='broken' stop='1650347029396'>
            <name>Sign up process WithOut Any Data Passing</name>
            <title>Sign up process WithOut Any Data Passing</title>
            <labels>
                <label name='language' value='javascript'/>
                <label name='framework' value='wdio'/>
                <label name='thread' value='0-0'/>
            </labels>
            <parameters>
                <parameter kind='argument' name='browser' value='chrome-100.0.4896.127'/>
            </parameters>
            <steps>
                <step start='1650347029337' status='broken' stop='1650347029396'>
                    <name>POST /session/:sessionId/element</name>
                    <title>POST /session/:sessionId/element</title>
                    <attachments>
                        <attachment title='Request' source='3680abbd-056a-4cb9-bf45-d6cb213fe506-attachment.json' type='application/json' size='81'/>
                    </attachments>
                    <steps/>
                </step>
            </steps>
            <attachments/>
            <failure>
                <message>no such window: target window already closed
                from unknown error: web view not found
                  (Session info: chrome=100.0.4896.127)</message>
                <stack-trace>no such window: no such window: target window already closed
                from unknown error: web view not found
                  (Session info: chrome=100.0.4896.127)
                    at getErrorFromResponseBody (C:\Users\FL_LPT-201\Documents\forbes\node_modules\webdriver\build\utils.js:197:12)
                    at NodeJSRequest._request (C:\Users\FL_LPT-201\Documents\forbes\node_modules\webdriver\build\request\index.js:158:60)
                    at processTicksAndRejections (node:internal/process/task_queues:96:5)
                    at Browser.wrapCommandFn (C:\Users\FL_LPT-201\Documents\forbes\node_modules\@wdio\utils\build\shim.js:137:29)
                    at Browser.$ (C:\Users\FL_LPT-201\Documents\forbes\node_modules\webdriverio\build\commands\browser\$.js:88:17)
                    at Browser.wrapCommandFn (C:\Users\FL_LPT-201\Documents\forbes\node_modules\@wdio\utils\build\shim.js:137:29)
                    at Context.&lt;anonymous> (C:\Users\FL_LPT-201\Documents\forbes\test\specs\/Subscribe.js:25:21)</stack-trace>
            </failure>
        </test-case>
        <test-case start='1650347029397' status='broken' stop='1650347029436'>
            <name>SignUp Process with exisiting MailId </name>
            <title>SignUp Process with exisiting MailId </title>
            <labels>
                <label name='language' value='javascript'/>
                <label name='framework' value='wdio'/>
                <label name='thread' value='0-0'/>
            </labels>
            <parameters>
                <parameter kind='argument' name='browser' value='chrome-100.0.4896.127'/>
            </parameters>
            <steps>
                <step start='1650347029399' status='broken' stop='1650347029436'>
                    <name>POST /session/:sessionId/element</name>
                    <title>POST /session/:sessionId/element</title>
                    <attachments>
                        <attachment title='Request' source='a3fc6f9d-483f-4ca4-8a46-8b2714d529a9-attachment.json' type='application/json' size='55'/>
                    </attachments>
                    <steps/>
                </step>
            </steps>
            <attachments/>
            <failure>
                <message>no such window: target window already closed
                from unknown error: web view not found
                  (Session info: chrome=100.0.4896.127)</message>
                <stack-trace>no such window: no such window: target window already closed
                from unknown error: web view not found
                  (Session info: chrome=100.0.4896.127)
                    at getErrorFromResponseBody (C:\Users\FL_LPT-201\Documents\forbes\node_modules\webdriver\build\utils.js:197:12)
                    at NodeJSRequest._request (C:\Users\FL_LPT-201\Documents\forbes\node_modules\webdriver\build\request\index.js:158:60)
                    at processTicksAndRejections (node:internal/process/task_queues:96:5)
                    at Browser.wrapCommandFn (C:\Users\FL_LPT-201\Documents\forbes\node_modules\@wdio\utils\build\shim.js:137:29)
                    at Browser.$ (C:\Users\FL_LPT-201\Documents\forbes\node_modules\webdriverio\build\commands\browser\$.js:88:17)
                    at Browser.wrapCommandFn (C:\Users\FL_LPT-201\Documents\forbes\node_modules\@wdio\utils\build\shim.js:137:29)
                    at Context.&lt;anonymous> (C:\Users\FL_LPT-201\Documents\forbes\test\specs\/Subscribe.js:38:16)</stack-trace>
            </failure>
        </test-case>
    </test-cases>
</ns2:test-suite>